2025-01-23 14:17:00 | WARN | repo=tm | action=commit
2025-09-03 18:10:00 | INFO | repo=tm | action=commit
2025-11-23 08:35:00 | INFO | repo=tm | action=commit
2025-02-12 09:59:00 | INFO | repo=tm | action=commit
2025-08-14 13:44:00 | DEBUG | repo=tm | action=edit | files=2
2025-09-11 17:47:00 | WARN | repo=tm | action=commit
2025-04-21 13:57:00 | INFO | repo=tm | action=commit
2025-01-24 09:35:00 | WARN | repo=tm | action=commit
2025-04-13 21:00:00 | WARN | repo=tm | action=commit
2025-04-02 19:36:00 | INFO | repo=tm | action=commit
2025-05-10 11:04:00 | INFO | repo=tm | action=commit
2025-06-24 19:30:00 | WARN | repo=tm | action=commit
2025-12-03 12:20:00 | DEBUG | repo=tm | action=commit
2025-07-12 09:56:00 | INFO | repo=tm | action=commit
2025-09-14 08:39:00 | DEBUG | repo=tm | action=commit
2025-11-03 07:38:00 | DEBUG | repo=tm | action=pull
2025-06-04 08:02:00 | INFO | repo=tm | action=commit
2025-10-05 16:17:00 | DEBUG | repo=tm | action=test | passed=true
2025-10-25 12:22:00 | INFO | repo=tm | action=pull
2025-08-04 15:45:00 | WARN | repo=tm | action=commit
2025-09-13 11:58:00 | INFO | repo=tm | action=commit
2025-02-14 18:43:00 | INFO | repo=tm | action=edit | files=1
2025-06-08 19:05:00 | DEBUG | repo=tm | action=commit
2025-01-21 13:39:00 | INFO | repo=tm | action=commit
2025-06-11 08:55:00 | WARN | repo=tm | action=commit
2025-06-09 13:11:00 | WARN | repo=tm | action=test | passed=true
2025-11-28 11:21:00 | WARN | repo=tm | action=commit
2025-11-19 10:55:00 | INFO | repo=tm | action=commit
2025-11-12 11:48:00 | DEBUG | repo=tm | action=commit
2025-09-09 15:17:00 | WARN | repo=tm | action=commit
2025-07-19 21:59:00 | WARN | repo=tm | action=commit
2025-09-15 21:16:00 | DEBUG | repo=tm | action=commit
2025-10-21 10:16:00 | DEBUG | repo=tm | action=commit
2025-08-07 18:50:00 | INFO | repo=tm | action=pull
2025-12-09 21:51:00 | DEBUG | repo=tm | action=commit
2025-07-23 21:40:00 | INFO | repo=tm | action=commit
2025-03-12 09:27:00 | INFO | repo=tm | action=commit
2025-12-04 07:58:00 | INFO | repo=tm | action=commit
2025-09-26 20:44:00 | DEBUG | repo=tm | action=commit
2025-07-15 15:09:00 | INFO | repo=tm | action=commit
2025-11-10 15:36:00 | DEBUG | repo=tm | action=commit
2025-08-13 09:40:00 | DEBUG | repo=tm | action=test | passed=true
2025-12-28 10:51:00 | INFO | repo=tm | action=edit | files=1
2025-12-08 18:28:00 | INFO | repo=tm | action=pull
2025-04-03 17:37:00 | INFO | repo=tm | action=commit
2025-04-01 13:30:00 | INFO | repo=tm | action=pull
2025-01-08 14:19:00 | WARN | repo=tm | action=pull
2025-09-02 19:46:00 | DEBUG | repo=tm | action=commit
